<?xml version="1.0"?>
<!DOCTYPE coverage SYSTEM "http://cobertura.sourceforge.net/xml/coverage-04.dtd">
<coverage line-rate="0.7128712871287128" branch-rate="1.0000000000000000" lines-covered="72" lines-valid="101" branches-covered="0" branches-valid="0" complexity="0.0" timestamp="1594889409" version="Slather 2.4.9">
  <sources>
    <source>/Users/ducnguyen/Documents/Projects/vibe-ios-sojo-travel</source>
  </sources>
  <packages>
    <package name="Features Modules.Agreement.Agreement" line-rate="0.7128712871287128" branch-rate="1.0000000000000000" complexity="0.0">
      <classes>
        <class name="TermsVersion" filename="Features Modules/Agreement/Agreement/TermsVersion.swift" line-rate="1.0000000000000000" branch-rate="1.0000000000000000" complexity="0.0">
          <methods/>
          <lines>
            <line number="14" branch="false" hits="3"/>
            <line number="15" branch="false" hits="3"/>
            <line number="16" branch="false" hits="3"/>
            <line number="18" branch="false" hits="22"/>
            <line number="19" branch="false" hits="22"/>
            <line number="20" branch="false" hits="22"/>
            <line number="21" branch="false" hits="22"/>
            <line number="23" branch="false" hits="3"/>
            <line number="24" branch="false" hits="3"/>
            <line number="25" branch="false" hits="1"/>
            <line number="26" branch="false" hits="1"/>
            <line number="27" branch="false" hits="1"/>
            <line number="30" branch="false" hits="2"/>
            <line number="31" branch="false" hits="2"/>
            <line number="32" branch="false" hits="1"/>
            <line number="33" branch="false" hits="1"/>
            <line number="34" branch="false" hits="1"/>
            <line number="35" branch="false" hits="2"/>
            <line number="37" branch="false" hits="6"/>
            <line number="38" branch="false" hits="6"/>
            <line number="39" branch="false" hits="6"/>
          </lines>
        </class>
        <class name="TermsVersionManager" filename="Features Modules/Agreement/Agreement/TermsVersionManager.swift" line-rate="0.6375000000000000" branch-rate="1.0000000000000000" complexity="0.0">
          <methods/>
          <lines>
            <line number="12" branch="false" hits="19"/>
            <line number="13" branch="false" hits="19"/>
            <line number="14" branch="false" hits="19"/>
            <line number="15" branch="false" hits="28"/>
            <line number="16" branch="false" hits="28"/>
            <line number="17" branch="false" hits="21"/>
            <line number="18" branch="false" hits="28"/>
            <line number="20" branch="false" hits="4"/>
            <line number="21" branch="false" hits="4"/>
            <line number="22" branch="false" hits="4"/>
            <line number="23" branch="false" hits="0"/>
            <line number="24" branch="false" hits="0"/>
            <line number="25" branch="false" hits="0"/>
            <line number="28" branch="false" hits="7"/>
            <line number="29" branch="false" hits="7"/>
            <line number="30" branch="false" hits="7"/>
            <line number="31" branch="false" hits="13"/>
            <line number="32" branch="false" hits="13"/>
            <line number="33" branch="false" hits="13"/>
            <line number="37" branch="false" hits="2"/>
            <line number="38" branch="false" hits="2"/>
            <line number="39" branch="false" hits="2"/>
            <line number="41" branch="false" hits="0"/>
            <line number="42" branch="false" hits="0"/>
            <line number="43" branch="false" hits="0"/>
            <line number="45" branch="false" hits="4"/>
            <line number="46" branch="false" hits="4"/>
            <line number="47" branch="false" hits="4"/>
            <line number="48" branch="false" hits="2"/>
            <line number="49" branch="false" hits="2"/>
            <line number="53" branch="false" hits="16"/>
            <line number="54" branch="false" hits="16"/>
            <line number="55" branch="false" hits="11"/>
            <line number="56" branch="false" hits="16"/>
            <line number="58" branch="false" hits="6"/>
            <line number="59" branch="false" hits="6"/>
            <line number="60" branch="false" hits="6"/>
            <line number="62" branch="false" hits="8"/>
            <line number="63" branch="false" hits="8"/>
            <line number="64" branch="false" hits="8"/>
            <line number="67" branch="false" hits="0"/>
            <line number="68" branch="false" hits="0"/>
            <line number="69" branch="false" hits="0"/>
            <line number="70" branch="false" hits="0"/>
            <line number="71" branch="false" hits="0"/>
            <line number="72" branch="false" hits="0"/>
            <line number="73" branch="false" hits="0"/>
            <line number="74" branch="false" hits="0"/>
            <line number="75" branch="false" hits="0"/>
            <line number="77" branch="false" hits="8"/>
            <line number="78" branch="false" hits="8"/>
            <line number="79" branch="false" hits="0"/>
            <line number="80" branch="false" hits="0"/>
            <line number="81" branch="false" hits="8"/>
            <line number="82" branch="false" hits="8"/>
            <line number="83" branch="false" hits="8"/>
            <line number="84" branch="false" hits="8"/>
            <line number="85" branch="false" hits="8"/>
            <line number="86" branch="false" hits="8"/>
            <line number="88" branch="false" hits="0"/>
            <line number="89" branch="false" hits="0"/>
            <line number="90" branch="false" hits="0"/>
            <line number="91" branch="false" hits="0"/>
            <line number="92" branch="false" hits="0"/>
            <line number="93" branch="false" hits="0"/>
            <line number="94" branch="false" hits="0"/>
            <line number="96" branch="false" hits="3"/>
            <line number="97" branch="false" hits="3"/>
            <line number="98" branch="false" hits="3"/>
            <line number="99" branch="false" hits="3"/>
            <line number="100" branch="false" hits="3"/>
            <line number="102" branch="false" hits="0"/>
            <line number="103" branch="false" hits="0"/>
            <line number="104" branch="false" hits="0"/>
            <line number="105" branch="false" hits="0"/>
            <line number="106" branch="false" hits="0"/>
            <line number="108" branch="false" hits="4"/>
            <line number="109" branch="false" hits="4"/>
            <line number="110" branch="false" hits="4"/>
            <line number="111" branch="false" hits="4"/>
          </lines>
        </class>
      </classes>
    </package>
  </packages>
</coverage>
